<?xml version="1.0" encoding="UTF-8"?>
<testng-results skipped="0" failed="0" ignored="0" total="1" passed="1">
  <reporter-output>
  </reporter-output>
  <suite name="Simple Suite Example" duration-ms="22086" started-at="2022-09-07T23:58:39Z" finished-at="2022-09-07T23:59:01Z">
    <groups>
    </groups>
    <test name="DemoTest Stori" duration-ms="22086" started-at="2022-09-07T23:58:39Z" finished-at="2022-09-07T23:59:01Z">
      <class name="test.HP">
        <test-method status="PASS" signature="setup(java.lang.String)[pri:0, instance:test.HP@56a6d5a6]" name="setup" is-config="true" duration-ms="4596" started-at="2022-09-07T23:58:39Z" finished-at="2022-09-07T23:58:44Z">
          <params>
            <param index="0">
              <value>
                <![CDATA[Chrome]]>
              </value>
            </param>
          </params>
          <reporter-output>
          </reporter-output>
        </test-method> <!-- setup -->
        <test-method status="PASS" signature="HP()[pri:0, instance:test.HP@56a6d5a6]" name="HP" duration-ms="16537" started-at="2022-09-07T23:58:44Z" finished-at="2022-09-07T23:59:00Z">
          <reporter-output>
          </reporter-output>
        </test-method> <!-- HP -->
        <test-method status="PASS" signature="close()[pri:0, instance:test.HP@56a6d5a6]" name="close" is-config="true" duration-ms="917" started-at="2022-09-07T23:59:00Z" finished-at="2022-09-07T23:59:01Z">
          <reporter-output>
          </reporter-output>
        </test-method> <!-- close -->
      </class> <!-- test.HP -->
    </test> <!-- DemoTest Stori -->
  </suite> <!-- Simple Suite Example -->
</testng-results>
